0 verbose cli C:\Program Files\nodejs\node.exe C:\Program Files\nodejs\node_modules\npm\bin\npm-cli.js
1 info using npm@11.13.0
2 info using node@v24.16.0
3 silly config load:file:C:\Program Files\nodejs\node_modules\npm\npmrc
4 silly config load:file:F:\software\JetBrains\IdeaProject\flowstudy-frontend\.npmrc
5 silly config load:file:C:\Users\hejsh\.npmrc
6 silly config load:file:C:\Users\hejsh\AppData\Roaming\npm\etc\npmrc
7 verbose title npm create vite@latest auth-ui --template vue-ts
8 verbose argv "create" "vite@latest" "auth-ui" "--" "--template" "vue-ts"
9 verbose logfile logs-max:10 dir:F:\software\JetBrains\IdeaProject\flowstudy-frontend\.npm-cache\_logs\2026-05-28T02_46_18_675Z-
10 verbose logfile F:\software\JetBrains\IdeaProject\flowstudy-frontend\.npm-cache\_logs\2026-05-28T02_46_18_675Z-debug-0.log
11 silly logfile done cleaning log files
12 silly packumentCache heap:4496293888 maxSize:1124073472 maxEntrySize:562036736
13 http fetch GET 200 https://registry.npmjs.org/create-vite 286ms (cache revalidated)
14 silly packumentCache heap:4496293888 maxSize:1124073472 maxEntrySize:562036736
15 verbose cwd F:\software\JetBrains\IdeaProject\flowstudy-frontend
16 verbose os Windows_NT 10.0.26200
17 verbose node v24.16.0
18 verbose npm  v11.13.0
19 verbose exit 0
20 info ok
